\BOOKMARK [0][]{chapter.1}{\376\377\0001\000\040\142\323\142\121\172\172\225\364\127\372\170\100}{}% 1
\BOOKMARK [1][]{section.1.1}{\376\377\0001\000.\0001\000\040\142\323\142\121\172\172\225\364\166\204\133\232\116\111}{chapter.1}% 2
\BOOKMARK [1][]{section.1.2}{\376\377\0001\000.\0002\000\040\137\000\226\306\116\016\225\355\226\306}{chapter.1}% 3
\BOOKMARK [0][]{chapter.2}{\376\377\0002\000\040\217\336\176\355\146\040\134\004}{}% 4
\BOOKMARK [0][]{chapter.3}{\376\377\0003\000\040\177\121\116\016\145\066\145\133}{}% 5
\BOOKMARK [1][]{section.3.1}{\376\377\0003\000.\0001\000\040\230\204\136\217\226\306\116\016\133\232\124\021\226\306}{chapter.3}% 6
\BOOKMARK [1][]{section.3.2}{\376\377\0003\000.\0002\000\040\177\121\166\204\133\232\116\111\116\016\145\066\145\133}{chapter.3}% 7
\BOOKMARK [0][]{chapter.4}{\376\377\0004\000\040\142\323\142\121\166\204\165\037\142\020}{}% 8
\BOOKMARK [1][]{section.4.1}{\376\377\0004\000.\0001\000\040\142\323\142\121\145\317\166\204\116\244}{chapter.4}% 9
\BOOKMARK [1][]{section.4.2}{\376\377\0004\000.\0002\000\040\142\323\142\121\127\372\116\016\133\120\127\372}{chapter.4}% 10
\BOOKMARK [0][]{chapter.5}{\376\377\0005\000\040\122\006\171\273\121\154\164\006}{}% 11
\BOOKMARK [1][]{section.5.1}{\376\377\0005\000.\0001\000\040\156\344\133\120\116\016\156\344\127\372}{chapter.5}% 12
\BOOKMARK [1][]{section.5.2}{\376\377\0005\000.\0002\000\040\153\143\122\031\172\172\225\364\116\016\153\143\211\304\172\172\225\364}{chapter.5}% 13
\BOOKMARK [0][]{chapter.6}{\376\377\0006\000\040\175\047\201\364\140\047}{}% 14
\BOOKMARK [1][]{section.6.1}{\376\377\0006\000.\0001\000\040\175\047\172\172\225\364}{chapter.6}% 15
\BOOKMARK [0][]{chapter.7}{\376\377\0007\000\040\133\214\121\150\153\143\122\031\172\172\225\364\116\016\000\040\000U\000r\000y\000s\000o\000h\000n\000\040\137\025\164\006}{}% 16
\BOOKMARK [1][]{section.7.1}{\376\377\0007\000.\0001\000\040\133\214\121\150\153\143\122\031\172\172\225\364}{chapter.7}% 17
\BOOKMARK [1][]{section.7.2}{\376\377\0007\000.\0002\000\040\000U\000r\000y\000s\000o\000h\000n\000\040\137\025\164\006}{chapter.7}% 18
\BOOKMARK [0][]{chapter.8}{\376\377\0008\000\040\123\357\122\006\140\047\116\016\123\357\145\160\140\047\121\154\164\006}{}% 19
\BOOKMARK [1][]{section.8.1}{\376\377\0008\000.\0001\000\040\123\357\122\006\172\172\225\364\116\016\172\040\133\306\140\047}{chapter.8}% 20
\BOOKMARK [1][]{section.8.2}{\376\377\0008\000.\0002\000\040\000L\000i\000n\000d\000e\000l\000\366\000f\000f\000\040\172\172\225\364\116\016\153\143\211\304\140\047}{chapter.8}% 21
\BOOKMARK [1][]{section.8.3}{\376\377\0008\000.\0003\000\040\173\054\116\214\123\357\145\160\172\172\225\364}{chapter.8}% 22
\BOOKMARK [1][]{section.8.4}{\376\377\0008\000.\0004\000\040\123\357\136\246\221\317\172\172\225\364}{chapter.8}% 23
\BOOKMARK [0][]{chapter.9}{\376\377\0009\000\040\116\130\171\357\116\016\124\214}{}% 24
\BOOKMARK [1][]{section.9.1}{\376\377\0009\000.\0001\000\040\116\130\171\357\142\323\142\121\116\016\121\166\133\120\127\372}{chapter.9}% 25
\BOOKMARK [1][]{section.9.2}{\376\377\0009\000.\0002\000\040\133\120\177\121\116\016\200\132\160\271}{chapter.9}% 26
\BOOKMARK [2][]{subsection.9.2.1}{\376\377\0009\000.\0002\000.\0001\000\040\175\047\140\047\116\016\145\066\145\133\133\120\177\121}{section.9.2}% 27
\BOOKMARK [2][]{subsection.9.2.2}{\376\377\0009\000.\0002\000.\0002\000\040\142\323\142\121\124\214\166\204\217\336\176\355\140\047\116\016\123\357\136\246\221\317\140\047}{section.9.2}% 28
\BOOKMARK [2][]{subsection.9.2.3}{\376\377\0009\000.\0002\000.\0003\000\040\000P\000o\000l\000i\000s\000h\000\040\172\172\225\364\166\204\134\001\225\355\140\047}{section.9.2}% 29
\BOOKMARK [2][]{subsection.9.2.4}{\376\377\0009\000.\0002\000.\0004\000\040\123\357\145\160\140\047\137\025\164\006\116\016\123\357\145\160\116\130\171\357\166\204\173\054\116\214\123\357\145\160\140\047}{section.9.2}% 30
\BOOKMARK [2][]{subsection.9.2.5}{\376\377\0009\000.\0002\000.\0005\000\040\217\336\220\032\140\047\116\016\217\336\176\355\120\317}{section.9.2}% 31
\BOOKMARK [2][]{subsection.9.2.6}{\376\377\0009\000.\0002\000.\0006\000\040\000R\000\040\166\204\217\336\220\032\140\047\060\001\116\313\120\074\140\047\116\016\220\123\215\357\217\336\220\032}{section.9.2}% 32
\BOOKMARK [2][]{subsection.9.2.7}{\376\377\0009\000.\0002\000.\0007\000\040\124\014\117\046\116\016\127\372\147\054\177\244}{section.9.2}% 33
\BOOKMARK [2][]{subsection.9.2.8}{\376\377\0009\000.\0002\000.\0008\000\040\134\100\220\350\175\047\172\172\225\364}{section.9.2}% 34
\BOOKMARK [2][]{subsection.9.2.9}{\376\377\0009\000.\0002\000.\0009\000\040\000B\000a\000i\000r\000e\000\040\172\172\225\364\116\016\176\262}{section.9.2}% 35
